Using pre-set license
Built from '2020.3/staging' branch; Version is '2020.3.16f1 (049d6eca3c44) revision 302446'; Using compiler version '192528614'; Build Type 'Release'
OS: 'Windows 10 Home; OS build 19044.1682; Version 2009; 64bit' Language: 'en' Physical Memory: 16205 MB
BatchMode: 1, IsHumanControllingUs: 0, StartBugReporterOnCrash: 0, Is64bit: 1, IsPro: 0

 COMMAND LINE ARGUMENTS:
C:\Program Files\Unity\Hub\Editor\2020.3.16f1\Editor\Unity.exe
-adb2
-batchMode
-noUpm
-name
AssetImportWorker0
-projectPath
C:/Users/porky/Documents/GitHub/Gauntlet/Gauntlet Clone
-logFile
Logs/AssetImportWorker0.log
-srvPort
52208
Successfully changed project path to: C:/Users/porky/Documents/GitHub/Gauntlet/Gauntlet Clone
C:/Users/porky/Documents/GitHub/Gauntlet/Gauntlet Clone
Using Asset Import Pipeline V2.
Refreshing native plugins compatible for Editor in 46.44 ms, found 2 plugins.
Preloading 0 native plugins for Editor in 0.00 ms.
Initialize engine version: 2020.3.16f1 (049d6eca3c44)
[Subsystems] Discovering subsystems at path C:/Program Files/Unity/Hub/Editor/2020.3.16f1/Editor/Data/Resources/UnitySubsystems
[Subsystems] Discovering subsystems at path C:/Users/porky/Documents/GitHub/Gauntlet/Gauntlet Clone/Assets
GfxDevice: creating device client; threaded=0
Direct3D:
    Version:  Direct3D 11.0 [level 11.1]
    Renderer: NVIDIA GeForce GTX 1650 with Max-Q Design (ID=0x1f9d)
    Vendor:   
    VRAM:     3962 MB
    Driver:   30.0.15.1259
Shader 'Universal Render Pipeline/Particles/Lit': fallback shader 'Universal Render Pipeline/Particles/SimpleLit' not found
Initialize mono
Mono path[0] = 'C:/Program Files/Unity/Hub/Editor/2020.3.16f1/Editor/Data/Managed'
Mono path[1] = 'C:/Program Files/Unity/Hub/Editor/2020.3.16f1/Editor/Data/MonoBleedingEdge/lib/mono/unityjit'
Mono config path = 'C:/Program Files/Unity/Hub/Editor/2020.3.16f1/Editor/Data/MonoBleedingEdge/etc'
Using monoOptions --debugger-agent=transport=dt_socket,embedding=1,server=y,suspend=n,address=127.0.0.1:56560
Begin MonoManager ReloadAssembly
Registering precompiled unity dll's ...
Register platform support module: C:/Program Files/Unity/Hub/Editor/2020.3.16f1/Editor/Data/PlaybackEngines/WindowsStandaloneSupport/UnityEditor.WindowsStandalone.Extensions.dll
Registered in 0.001878 seconds.
Native extension for WindowsStandalone target not found
Refreshing native plugins compatible for Editor in 48.03 ms, found 2 plugins.
Preloading 0 native plugins for Editor in 0.00 ms.
Mono: successfully reloaded assembly
- Completed reload, in  1.978 seconds
Domain Reload Profiling:
	ReloadAssembly (1978ms)
		BeginReloadAssembly (47ms)
			ExecutionOrderSort (0ms)
			DisableScriptedObjects (0ms)
			BackupInstance (0ms)
			ReleaseScriptingObjects (0ms)
			CreateAndSetChildDomain (1ms)
		EndReloadAssembly (374ms)
			LoadAssemblies (45ms)
			RebuildTransferFunctionScriptingTraits (0ms)
			SetupTypeCache (128ms)
			ReleaseScriptCaches (0ms)
			RebuildScriptCaches (26ms)
			SetupLoadedEditorAssemblies (157ms)
				LogAssemblyErrors (0ms)
				InitializePlatformSupportModulesInManaged (3ms)
				SetLoadedEditorAssemblies (0ms)
				RefreshPlugins (48ms)
				BeforeProcessingInitializeOnLoad (14ms)
				ProcessInitializeOnLoadAttributes (67ms)
				ProcessInitializeOnLoadMethodAttributes (24ms)
				AfterProcessingInitializeOnLoad (0ms)
				EditorAssembliesLoaded (0ms)
			ExecutionOrderSort2 (0ms)
			AwakeInstancesAfterBackupRestoration (0ms)
Platform modules already initialized, skipping
Registering precompiled user dll's ...
Registered in 0.004297 seconds.
Begin MonoManager ReloadAssembly
Native extension for WindowsStandalone target not found
Refreshing native plugins compatible for Editor in 47.46 ms, found 2 plugins.
Preloading 0 native plugins for Editor in 0.00 ms.
Mono: successfully reloaded assembly
- Completed reload, in  1.275 seconds
Domain Reload Profiling:
	ReloadAssembly (1276ms)
		BeginReloadAssembly (126ms)
			ExecutionOrderSort (0ms)
			DisableScriptedObjects (4ms)
			BackupInstance (0ms)
			ReleaseScriptingObjects (0ms)
			CreateAndSetChildDomain (15ms)
		EndReloadAssembly (1092ms)
			LoadAssemblies (84ms)
			RebuildTransferFunctionScriptingTraits (0ms)
			SetupTypeCache (277ms)
			ReleaseScriptCaches (0ms)
			RebuildScriptCaches (44ms)
			SetupLoadedEditorAssemblies (578ms)
				LogAssemblyErrors (0ms)
				InitializePlatformSupportModulesInManaged (3ms)
				SetLoadedEditorAssemblies (0ms)
				RefreshPlugins (48ms)
				BeforeProcessingInitializeOnLoad (81ms)
				ProcessInitializeOnLoadAttributes (434ms)
				ProcessInitializeOnLoadMethodAttributes (5ms)
				AfterProcessingInitializeOnLoad (7ms)
				EditorAssembliesLoaded (0ms)
			ExecutionOrderSort2 (0ms)
			AwakeInstancesAfterBackupRestoration (5ms)
Platform modules already initialized, skipping
========================================================================
Worker process is ready to serve import requests
Shader 'Universal Render Pipeline/Particles/Lit': fallback shader 'Universal Render Pipeline/Particles/SimpleLit' not found
Launched and connected shader compiler UnityShaderCompiler.exe after 0.06 seconds
Refreshing native plugins compatible for Editor in 0.48 ms, found 2 plugins.
Preloading 0 native plugins for Editor in 0.00 ms.
Unloading 3034 Unused Serialized files (Serialized files now loaded: 0)
System memory in use before: 133.9 MB.
System memory in use after: 134.1 MB.

Unloading 21 unused Assets to reduce memory usage. Loaded Objects now: 3469.
Total: 3.661100 ms (FindLiveObjects: 0.261000 ms CreateObjectMapping: 0.139700 ms MarkObjects: 3.187300 ms  DeleteObjects: 0.072100 ms)

AssetImportParameters requested are different than current active one (requested -> active):
  custom:framework-win-MediaFoundation: 216162199b28c13a410421893ffa2e32 -> 
  custom:video-decoder-ogg-theora: a1e56fd34408186e4bbccfd4996cb3dc -> 
  custom:container-muxer-webm: aa71ff27fc2769a1b78a27578f13a17b -> 
  custom:container-demuxer-webm: 4f35f7cbe854078d1ac9338744f61a02 -> 
  custom:container-demuxer-ogg: 62fdf1f143b41e24485cea50d1cbac27 -> 
  custom:video-encoder-webm-vp8: eb34c28f22e8b96e1ab97ce403110664 -> 
  custom:video-decoder-webm-vp8: 9c59270c3fd7afecdb556c50c9e8de78 -> 
  custom:audio-decoder-ogg-vorbis: bf7c407c2cedff20999df2af8eb42d56 -> 
  custom:audio-encoder-webm-vorbis: bf7c407c2cedff20999df2af8eb42d56 -> 
========================================================================
Received Import Request.
  path: Assets/2) Prefabs/AdventurerOfLight.prefab
  artifactKey: Guid(e651f776cbfa36c4780cea7a4f354284) Importer(815301076,1909f56bfc062723c751e8b465ee728b)
Start importing Assets/2) Prefabs/AdventurerOfLight.prefab using Guid(e651f776cbfa36c4780cea7a4f354284) Importer(815301076,1909f56bfc062723c751e8b465ee728b)  -> (artifact id: 'e2760ffb9accab691618fb1848b737f0') in 0.194117 seconds 
  Import took 0.198697 seconds .

========================================================================
Received Import Request.
  Time since last request: 60.104619 seconds.
  path: Assets/4) Scripts/Singleton.cs
  artifactKey: Guid(cbe0303dc282a884cba7d7aec09246ce) Importer(815301076,1909f56bfc062723c751e8b465ee728b)
Start importing Assets/4) Scripts/Singleton.cs using Guid(cbe0303dc282a884cba7d7aec09246ce) Importer(815301076,1909f56bfc062723c751e8b465ee728b)  -> (artifact id: 'b4429bd045e168c1676b79ce4c9abbc6') in 0.031647 seconds 
  Import took 0.035827 seconds .

========================================================================
Received Prepare
Shader 'Universal Render Pipeline/Particles/Lit': fallback shader 'Universal Render Pipeline/Particles/SimpleLit' not found
Refreshing native plugins compatible for Editor in 3.10 ms, found 2 plugins.
Preloading 0 native plugins for Editor in 0.00 ms.
Unloading 12 Unused Serialized files (Serialized files now loaded: 0)
System memory in use before: 74.5 MB.
System memory in use after: 74.7 MB.

Unloading 12 unused Assets to reduce memory usage. Loaded Objects now: 3542.
Total: 4.333500 ms (FindLiveObjects: 0.279200 ms CreateObjectMapping: 0.148700 ms MarkObjects: 3.895500 ms  DeleteObjects: 0.009400 ms)

AssetImportParameters requested are different than current active one (requested -> active):
  custom:framework-win-MediaFoundation: 216162199b28c13a410421893ffa2e32 -> 
  custom:video-decoder-ogg-theora: a1e56fd34408186e4bbccfd4996cb3dc -> 
  custom:container-muxer-webm: aa71ff27fc2769a1b78a27578f13a17b -> 
  custom:container-demuxer-webm: 4f35f7cbe854078d1ac9338744f61a02 -> 
  custom:container-demuxer-ogg: 62fdf1f143b41e24485cea50d1cbac27 -> 
  custom:video-encoder-webm-vp8: eb34c28f22e8b96e1ab97ce403110664 -> 
  custom:video-decoder-webm-vp8: 9c59270c3fd7afecdb556c50c9e8de78 -> 
  custom:audio-decoder-ogg-vorbis: bf7c407c2cedff20999df2af8eb42d56 -> 
  custom:audio-encoder-webm-vorbis: bf7c407c2cedff20999df2af8eb42d56 -> 
========================================================================
Received Import Request.
  Time since last request: 190.136609 seconds.
  path: Assets/3) Materials/GenMat.mat
  artifactKey: Guid(ceb8753576df2ab4692ed1c2c7f4db08) Importer(815301076,1909f56bfc062723c751e8b465ee728b)
Start importing Assets/3) Materials/GenMat.mat using Guid(ceb8753576df2ab4692ed1c2c7f4db08) Importer(815301076,1909f56bfc062723c751e8b465ee728b)  -> (artifact id: '6d8606706bb374b4beabef119f223e0c') in 0.041875 seconds 
  Import took 0.046850 seconds .

========================================================================
Received Import Request.
  Time since last request: 0.000213 seconds.
  path: Assets/3) Materials/PointMat.mat
  artifactKey: Guid(30c00aa92ab5c304e94cc6e15c9f1647) Importer(815301076,1909f56bfc062723c751e8b465ee728b)
Start importing Assets/3) Materials/PointMat.mat using Guid(30c00aa92ab5c304e94cc6e15c9f1647) Importer(815301076,1909f56bfc062723c751e8b465ee728b)  -> (artifact id: '87cba9cce2c0ce15550b893ce85e754f') in 0.013902 seconds 
  Import took 0.018248 seconds .

========================================================================
Received Import Request.
  Time since last request: 0.000253 seconds.
  path: Assets/3) Materials/LobberProjectileMat.mat
  artifactKey: Guid(dd9e358aaefd89345bf9a51fc59288ef) Importer(815301076,1909f56bfc062723c751e8b465ee728b)
Start importing Assets/3) Materials/LobberProjectileMat.mat using Guid(dd9e358aaefd89345bf9a51fc59288ef) Importer(815301076,1909f56bfc062723c751e8b465ee728b)  -> (artifact id: 'ecbe69ebf0c3e099576ecff67d5f3113') in 0.018843 seconds 
  Import took 0.024289 seconds .

========================================================================
Received Import Request.
  Time since last request: 8.941756 seconds.
  path: Assets/3) Materials/Death.mat
  artifactKey: Guid(8a92b0d632226384884ae186d1b0a604) Importer(815301076,1909f56bfc062723c751e8b465ee728b)
Start importing Assets/3) Materials/Death.mat using Guid(8a92b0d632226384884ae186d1b0a604) Importer(815301076,1909f56bfc062723c751e8b465ee728b)  -> (artifact id: '86fef89f1123579be70a584404cbd095') in 0.012637 seconds 
  Import took 0.017276 seconds .

========================================================================
Received Import Request.
  Time since last request: 10.190738 seconds.
  path: Assets/3) Materials/Death.mat
  artifactKey: Guid(8a92b0d632226384884ae186d1b0a604) Importer(815301076,1909f56bfc062723c751e8b465ee728b)
Start importing Assets/3) Materials/Death.mat using Guid(8a92b0d632226384884ae186d1b0a604) Importer(815301076,1909f56bfc062723c751e8b465ee728b)  -> (artifact id: 'effc4406da177d81bb80a3df2b3bddad') in 0.011799 seconds 
  Import took 0.016927 seconds .

========================================================================
Received Import Request.
  Time since last request: 3.204670 seconds.
  path: Assets/2) Prefabs/Death.prefab
  artifactKey: Guid(78359597879210b41b7cefa7a41636b6) Importer(815301076,1909f56bfc062723c751e8b465ee728b)
Start importing Assets/2) Prefabs/Death.prefab using Guid(78359597879210b41b7cefa7a41636b6) Importer(815301076,1909f56bfc062723c751e8b465ee728b)  -> (artifact id: 'acf2f41877babc905ce514a46d7a0fc2') in 0.012178 seconds 
  Import took 0.017146 seconds .

========================================================================
Received Import Request.
  Time since last request: 31.589607 seconds.
  path: Assets/3) Materials/Thief.mat
  artifactKey: Guid(3c1d3b367d26cf042853228be3b361b0) Importer(815301076,1909f56bfc062723c751e8b465ee728b)
Start importing Assets/3) Materials/Thief.mat using Guid(3c1d3b367d26cf042853228be3b361b0) Importer(815301076,1909f56bfc062723c751e8b465ee728b)  -> (artifact id: '29de9984a787f428d7e632018ecff2a2') in 0.012300 seconds 
  Import took 0.016567 seconds .

========================================================================
Received Import Request.
  Time since last request: 20.381649 seconds.
  path: Assets/3) Materials/Thief.mat
  artifactKey: Guid(3c1d3b367d26cf042853228be3b361b0) Importer(815301076,1909f56bfc062723c751e8b465ee728b)
Start importing Assets/3) Materials/Thief.mat using Guid(3c1d3b367d26cf042853228be3b361b0) Importer(815301076,1909f56bfc062723c751e8b465ee728b)  -> (artifact id: 'abdf22fa500ef2e5027a576fc6dfce1b') in 0.018673 seconds 
  Import took 0.023250 seconds .

========================================================================
Received Import Request.
  Time since last request: 8.596717 seconds.
  path: Assets/2) Prefabs/Thief.prefab
  artifactKey: Guid(560feaf370b07634c8d5732ce4ebc259) Importer(815301076,1909f56bfc062723c751e8b465ee728b)
Start importing Assets/2) Prefabs/Thief.prefab using Guid(560feaf370b07634c8d5732ce4ebc259) Importer(815301076,1909f56bfc062723c751e8b465ee728b)  -> (artifact id: '4b501d769d114363bd888b702c4d76f4') in 0.012257 seconds 
  Import took 0.017034 seconds .

========================================================================
Received Import Request.
  Time since last request: 26.219874 seconds.
  path: Assets/3) Materials/Demon.mat
  artifactKey: Guid(1c8f23deb251d824c878b68304f924be) Importer(815301076,1909f56bfc062723c751e8b465ee728b)
Start importing Assets/3) Materials/Demon.mat using Guid(1c8f23deb251d824c878b68304f924be) Importer(815301076,1909f56bfc062723c751e8b465ee728b)  -> (artifact id: '384aae0e71d85d9f0f1e3fc6cde269b2') in 0.012050 seconds 
  Import took 0.016744 seconds .

========================================================================
Received Import Request.
  Time since last request: 15.456165 seconds.
  path: Assets/3) Materials/Demon.mat
  artifactKey: Guid(1c8f23deb251d824c878b68304f924be) Importer(815301076,1909f56bfc062723c751e8b465ee728b)
Start importing Assets/3) Materials/Demon.mat using Guid(1c8f23deb251d824c878b68304f924be) Importer(815301076,1909f56bfc062723c751e8b465ee728b)  -> (artifact id: 'd9eb5e0abe12313c26d67f7f91ea0887') in 0.011442 seconds 
  Import took 0.015948 seconds .

========================================================================
Received Import Request.
  Time since last request: 15.063292 seconds.
  path: Assets/3) Materials/Ghost.mat
  artifactKey: Guid(bc4747a32d22fc445ba33c78423f22f5) Importer(815301076,1909f56bfc062723c751e8b465ee728b)
Start importing Assets/3) Materials/Ghost.mat using Guid(bc4747a32d22fc445ba33c78423f22f5) Importer(815301076,1909f56bfc062723c751e8b465ee728b)  -> (artifact id: 'da0575d8bed034e1ce4672a78b9d03e2') in 0.012350 seconds 
  Import took 0.017582 seconds .

========================================================================
Received Import Request.
  Time since last request: 21.134308 seconds.
  path: Assets/3) Materials/Ghost.mat
  artifactKey: Guid(bc4747a32d22fc445ba33c78423f22f5) Importer(815301076,1909f56bfc062723c751e8b465ee728b)
Start importing Assets/3) Materials/Ghost.mat using Guid(bc4747a32d22fc445ba33c78423f22f5) Importer(815301076,1909f56bfc062723c751e8b465ee728b)  -> (artifact id: '13270a20d37279595f02e30a2897bce9') in 0.012667 seconds 
  Import took 0.017061 seconds .

========================================================================
Received Import Request.
  Time since last request: 14.804591 seconds.
  path: Assets/3) Materials/Purple.mat
  artifactKey: Guid(59ff01c1ee494694fb6ee4473a6ed2c0) Importer(815301076,1909f56bfc062723c751e8b465ee728b)
Start importing Assets/3) Materials/Purple.mat using Guid(59ff01c1ee494694fb6ee4473a6ed2c0) Importer(815301076,1909f56bfc062723c751e8b465ee728b)  -> (artifact id: 'be95e3509386d7f4fb7006cbf84da022') in 0.012946 seconds 
  Import took 0.053483 seconds .

========================================================================
Received Import Request.
  Time since last request: 18.107206 seconds.
  path: Assets/3) Materials/Purple.mat
  artifactKey: Guid(59ff01c1ee494694fb6ee4473a6ed2c0) Importer(815301076,1909f56bfc062723c751e8b465ee728b)
Start importing Assets/3) Materials/Purple.mat using Guid(59ff01c1ee494694fb6ee4473a6ed2c0) Importer(815301076,1909f56bfc062723c751e8b465ee728b)  -> (artifact id: 'a38dba839ff108f2eb2049a95750c14c') in 0.012166 seconds 
  Import took 0.016859 seconds .

========================================================================
Received Import Request.
  Time since last request: 5.050219 seconds.
  path: Assets/2) Prefabs/Demon.prefab
  artifactKey: Guid(a282ec05cdb62c84892202764ce1d1e7) Importer(815301076,1909f56bfc062723c751e8b465ee728b)
Start importing Assets/2) Prefabs/Demon.prefab using Guid(a282ec05cdb62c84892202764ce1d1e7) Importer(815301076,1909f56bfc062723c751e8b465ee728b)  -> (artifact id: '66d83858c60b9edb44eb27934a5dde7d') in 0.010931 seconds 
  Import took 0.015477 seconds .

========================================================================
Received Import Request.
  Time since last request: 4.227345 seconds.
  path: Assets/2) Prefabs/Ghost.prefab
  artifactKey: Guid(02d655176d0893747a58d471add380bf) Importer(815301076,1909f56bfc062723c751e8b465ee728b)
Start importing Assets/2) Prefabs/Ghost.prefab using Guid(02d655176d0893747a58d471add380bf) Importer(815301076,1909f56bfc062723c751e8b465ee728b)  -> (artifact id: 'a9980e78a56f6136bc4ad9a9746aef55') in 0.011323 seconds 
  Import took 0.016232 seconds .

========================================================================
Received Import Request.
  Time since last request: 6.239812 seconds.
  path: Assets/2) Prefabs/Sorcerer.prefab
  artifactKey: Guid(92fa9a2a48e27324d99583bbd89bf15e) Importer(815301076,1909f56bfc062723c751e8b465ee728b)
Start importing Assets/2) Prefabs/Sorcerer.prefab using Guid(92fa9a2a48e27324d99583bbd89bf15e) Importer(815301076,1909f56bfc062723c751e8b465ee728b)  -> (artifact id: 'd2551855452403acd3f5dbeb231823ae') in 0.012170 seconds 
  Import took 0.017174 seconds .

AssetImportWorkerClient::OnTransportError - code=2 error=End of file
